\BOOKMARK [0][-]{chapter.1}{Heading on Level 0 \(chapter\)}{}% 1
\BOOKMARK [1][-]{section.1.1}{Heading on Level 1 \(section\)}{chapter.1}% 2
\BOOKMARK [2][-]{subsection.1.1.1}{Heading on Level 2 \(subsection\)}{section.1.1}% 3
\BOOKMARK [1][-]{section.1.2}{Lists}{chapter.1}% 4
\BOOKMARK [2][-]{subsection.1.2.1}{Example for list \(itemize\)}{section.1.2}% 5
\BOOKMARK [2][-]{subsection.1.2.2}{Example for list \(enumerate\)}{section.1.2}% 6
\BOOKMARK [2][-]{subsection.1.2.3}{Example for list \(description\)}{section.1.2}% 7
\BOOKMARK [0][-]{chapter.2}{Heading on Level 0 \(chapter\)}{}% 8
\BOOKMARK [1][-]{section.2.1}{Heading on Level 1 \(section\)}{chapter.2}% 9
\BOOKMARK [2][-]{subsection.2.1.1}{Heading on Level 2 \(subsection\)}{section.2.1}% 10
\BOOKMARK [1][-]{section.2.2}{Lists}{chapter.2}% 11
\BOOKMARK [2][-]{subsection.2.2.1}{Example for list \(itemize\)}{section.2.2}% 12
\BOOKMARK [2][-]{subsection.2.2.2}{Example for list \(enumerate\)}{section.2.2}% 13
\BOOKMARK [2][-]{subsection.2.2.3}{Example for list \(description\)}{section.2.2}% 14
\BOOKMARK [0][-]{chapter.3}{Heading on Level 0 \(chapter\)}{}% 15
\BOOKMARK [1][-]{section.3.1}{Heading on Level 1 \(section\)}{chapter.3}% 16
\BOOKMARK [2][-]{subsection.3.1.1}{Heading on Level 2 \(subsection\)}{section.3.1}% 17
\BOOKMARK [1][-]{section.3.2}{Lists}{chapter.3}% 18
\BOOKMARK [2][-]{subsection.3.2.1}{Example for list \(itemize\)}{section.3.2}% 19
\BOOKMARK [2][-]{subsection.3.2.2}{Example for list \(enumerate\)}{section.3.2}% 20
\BOOKMARK [2][-]{subsection.3.2.3}{Example for list \(description\)}{section.3.2}% 21
\BOOKMARK [0][-]{section*.17}{Glossary}{}% 22
\BOOKMARK [0][-]{section*.19}{Acronyms}{}% 23
\BOOKMARK [0][-]{section*.21}{List of Figures}{}% 24
\BOOKMARK [0][-]{chapter*.22}{List of publications}{}% 25
\BOOKMARK [0][-]{Item.20}{Annexes}{}% 26
\BOOKMARK [0][-]{appendix.A}{Heading on Level 0 \(chapter\)}{}% 27
\BOOKMARK [1][-]{section.A.1}{Heading on Level 1 \(section\)}{appendix.A}% 28
\BOOKMARK [2][-]{subsection.A.1.1}{Heading on Level 2 \(subsection\)}{section.A.1}% 29
\BOOKMARK [1][-]{section.A.2}{Lists}{appendix.A}% 30
\BOOKMARK [2][-]{subsection.A.2.1}{Example for list \(itemize\)}{section.A.2}% 31
\BOOKMARK [2][-]{subsection.A.2.2}{Example for list \(enumerate\)}{section.A.2}% 32
\BOOKMARK [2][-]{subsection.A.2.3}{Example for list \(description\)}{section.A.2}% 33
\BOOKMARK [0][-]{appendix*.28}{Bibliography}{}% 34
